
*** Running vivado
    with args -log mux.vds -m64 -product Vivado -mode batch -messageDb vivado.pb -notrace -source mux.tcl


****** Vivado v2018.2 (64-bit)
  **** SW Build 2258646 on Thu Jun 14 20:03:12 MDT 2018
  **** IP Build 2256618 on Thu Jun 14 22:10:49 MDT 2018
    ** Copyright 1986-2018 Xilinx, Inc. All Rights Reserved.

source mux.tcl -notrace
Command: synth_design -top mux -part xc7k70tfbv676-1
Starting synth_design
Attempting to get a license for feature 'Synthesis' and/or device 'xc7k70t'
INFO: [Common 17-349] Got license for feature 'Synthesis' and/or device 'xc7k70t'
INFO: Launching helper process for spawning children vivado processes
INFO: Helper process launched with PID 1460 
---------------------------------------------------------------------------------
Starting Synthesize : Time (s): cpu = 00:00:02 ; elapsed = 00:00:02 . Memory (MB): peak = 372.086 ; gain = 98.719
---------------------------------------------------------------------------------
INFO: [Synth 8-638] synthesizing module 'mux' [D:/Universidad/Cuarto/SED/Learning/Learning/Learning.srcs/sources_1/new/MUX.vhd:10]
INFO: [Synth 8-3491] module 'inv' declared at 'D:/Universidad/Cuarto/SED/Learning/Learning/Learning.srcs/sources_1/new/Logic_gates.vhd:35' bound to instance 'u1a' of component 'inv' [D:/Universidad/Cuarto/SED/Learning/Learning/Learning.srcs/sources_1/new/MUX.vhd:30]
INFO: [Synth 8-638] synthesizing module 'xil_defaultlib_inv' [D:/Universidad/Cuarto/SED/Learning/Learning/Learning.srcs/sources_1/new/Logic_gates.vhd:41]
INFO: [Synth 8-256] done synthesizing module 'xil_defaultlib_inv' (1#1) [D:/Universidad/Cuarto/SED/Learning/Learning/Learning.srcs/sources_1/new/Logic_gates.vhd:41]
INFO: [Synth 8-3491] module 'and2' declared at 'D:/Universidad/Cuarto/SED/Learning/Learning/Learning.srcs/sources_1/new/Logic_gates.vhd:49' bound to instance 'u2a' of component 'and2' [D:/Universidad/Cuarto/SED/Learning/Learning/Learning.srcs/sources_1/new/MUX.vhd:31]
INFO: [Synth 8-638] synthesizing module 'xil_defaultlib_and2' [D:/Universidad/Cuarto/SED/Learning/Learning/Learning.srcs/sources_1/new/Logic_gates.vhd:55]
INFO: [Synth 8-256] done synthesizing module 'xil_defaultlib_and2' (2#1) [D:/Universidad/Cuarto/SED/Learning/Learning/Learning.srcs/sources_1/new/Logic_gates.vhd:55]
INFO: [Synth 8-3491] module 'and2' declared at 'D:/Universidad/Cuarto/SED/Learning/Learning/Learning.srcs/sources_1/new/Logic_gates.vhd:49' bound to instance 'u2b' of component 'and2' [D:/Universidad/Cuarto/SED/Learning/Learning/Learning.srcs/sources_1/new/MUX.vhd:32]
INFO: [Synth 8-3491] module 'or2' declared at 'D:/Universidad/Cuarto/SED/Learning/Learning/Learning.srcs/sources_1/new/Logic_gates.vhd:63' bound to instance 'u3a' of component 'or2' [D:/Universidad/Cuarto/SED/Learning/Learning/Learning.srcs/sources_1/new/MUX.vhd:33]
INFO: [Synth 8-638] synthesizing module 'xil_defaultlib_or2' [D:/Universidad/Cuarto/SED/Learning/Learning/Learning.srcs/sources_1/new/Logic_gates.vhd:69]
INFO: [Synth 8-256] done synthesizing module 'xil_defaultlib_or2' (3#1) [D:/Universidad/Cuarto/SED/Learning/Learning/Learning.srcs/sources_1/new/Logic_gates.vhd:69]
INFO: [Synth 8-256] done synthesizing module 'mux' (4#1) [D:/Universidad/Cuarto/SED/Learning/Learning/Learning.srcs/sources_1/new/MUX.vhd:10]
---------------------------------------------------------------------------------
Finished Synthesize : Time (s): cpu = 00:00:03 ; elapsed = 00:00:03 . Memory (MB): peak = 426.738 ; gain = 153.371
---------------------------------------------------------------------------------
---------------------------------------------------------------------------------
Finished Constraint Validation : Time (s): cpu = 00:00:03 ; elapsed = 00:00:03 . Memory (MB): peak = 426.738 ; gain = 153.371
---------------------------------------------------------------------------------
---------------------------------------------------------------------------------
Start Loading Part and Timing Information
---------------------------------------------------------------------------------
Loading part: xc7k70tfbv676-1
---------------------------------------------------------------------------------
INFO: [Device 21-403] Loading part xc7k70tfbv676-1
Finished Loading Part and Timing Information : Time (s): cpu = 00:00:03 ; elapsed = 00:00:03 . Memory (MB): peak = 426.738 ; gain = 153.371
---------------------------------------------------------------------------------
---------------------------------------------------------------------------------
Finished RTL Optimization Phase 2 : Time (s): cpu = 00:00:03 ; elapsed = 00:00:03 . Memory (MB): peak = 426.738 ; gain = 153.371
---------------------------------------------------------------------------------

Report RTL Partitions: 
+-+--------------+------------+----------+
| |RTL Partition |Replication |Instances |
+-+--------------+------------+----------+
+-+--------------+------------+----------+
No constraint files found.
---------------------------------------------------------------------------------
Start RTL Component Statistics 
---------------------------------------------------------------------------------
Detailed RTL Component Info : 
---------------------------------------------------------------------------------
Finished RTL Component Statistics 
---------------------------------------------------------------------------------
---------------------------------------------------------------------------------
Start RTL Hierarchical Component Statistics 
---------------------------------------------------------------------------------
Hierarchical RTL Component report 
---------------------------------------------------------------------------------
Finished RTL Hierarchical Component Statistics
---------------------------------------------------------------------------------
---------------------------------------------------------------------------------
Start Part Resource Summary
---------------------------------------------------------------------------------
Part Resources:
DSPs: 240 (col length:80)
BRAMs: 270 (col length: RAMB18 80 RAMB36 40)
---------------------------------------------------------------------------------
Finished Part Resource Summary
---------------------------------------------------------------------------------
No constraint files found.
---------------------------------------------------------------------------------
Start Cross Boundary and Area Optimization
---------------------------------------------------------------------------------
Warning: Parallel synthesis criteria is not met 
---------------------------------------------------------------------------------
Finished Cross Boundary and Area Optimization : Time (s): cpu = 00:00:08 ; elapsed = 00:00:11 . Memory (MB): peak = 544.992 ; gain = 271.625
---------------------------------------------------------------------------------

Report RTL Partitions: 
+-+--------------+------------+----------+
| |RTL Partition |Replication |Instances |
+-+--------------+------------+----------+
+-+--------------+------------+----------+
No constraint files found.
---------------------------------------------------------------------------------
Start Timing Optimization
---------------------------------------------------------------------------------
---------------------------------------------------------------------------------
Finished Timing Optimization : Time (s): cpu = 00:00:08 ; elapsed = 00:00:11 . Memory (MB): peak = 544.992 ; gain = 271.625
---------------------------------------------------------------------------------

Report RTL Partitions: 
+-+--------------+------------+----------+
| |RTL Partition |Replication |Instances |
+-+--------------+------------+----------+
+-+--------------+------------+----------+
---------------------------------------------------------------------------------
Start Technology Mapping
---------------------------------------------------------------------------------
---------------------------------------------------------------------------------
Finished Technology Mapping : Time (s): cpu = 00:00:08 ; elapsed = 00:00:11 . Memory (MB): peak = 544.992 ; gain = 271.625
---------------------------------------------------------------------------------

Report RTL Partitions: 
+-+--------------+------------+----------+
| |RTL Partition |Replication |Instances |
+-+--------------+------------+----------+
+-+--------------+------------+----------+
---------------------------------------------------------------------------------
Start IO Insertion
---------------------------------------------------------------------------------
---------------------------------------------------------------------------------
Start Flattening Before IO Insertion
---------------------------------------------------------------------------------
---------------------------------------------------------------------------------
Finished Flattening Before IO Insertion
---------------------------------------------------------------------------------
---------------------------------------------------------------------------------
Start Final Netlist Cleanup
---------------------------------------------------------------------------------
---------------------------------------------------------------------------------
Finished Final Netlist Cleanup
---------------------------------------------------------------------------------
---------------------------------------------------------------------------------
Finished IO Insertion : Time (s): cpu = 00:00:09 ; elapsed = 00:00:12 . Memory (MB): peak = 544.992 ; gain = 271.625
---------------------------------------------------------------------------------

Report Check Netlist: 
+------+------------------+-------+---------+-------+------------------+
|      |Item              |Errors |Warnings |Status |Description       |
+------+------------------+-------+---------+-------+------------------+
|1     |multi_driven_nets |      0|        0|Passed |Multi driven nets |
+------+------------------+-------+---------+-------+------------------+
---------------------------------------------------------------------------------
Start Renaming Generated Instances
---------------------------------------------------------------------------------
---------------------------------------------------------------------------------
Finished Renaming Generated Instances : Time (s): cpu = 00:00:09 ; elapsed = 00:00:12 . Memory (MB): peak = 544.992 ; gain = 271.625
---------------------------------------------------------------------------------

Report RTL Partitions: 
+-+--------------+------------+----------+
| |RTL Partition |Replication |Instances |
+-+--------------+------------+----------+
+-+--------------+------------+----------+
---------------------------------------------------------------------------------
Start Rebuilding User Hierarchy
---------------------------------------------------------------------------------
---------------------------------------------------------------------------------
Finished Rebuilding User Hierarchy : Time (s): cpu = 00:00:09 ; elapsed = 00:00:12 . Memory (MB): peak = 544.992 ; gain = 271.625
---------------------------------------------------------------------------------
---------------------------------------------------------------------------------
Start Renaming Generated Ports
---------------------------------------------------------------------------------
---------------------------------------------------------------------------------
Finished Renaming Generated Ports : Time (s): cpu = 00:00:09 ; elapsed = 00:00:12 . Memory (MB): peak = 544.992 ; gain = 271.625
---------------------------------------------------------------------------------
---------------------------------------------------------------------------------
Start Handling Custom Attributes
---------------------------------------------------------------------------------
---------------------------------------------------------------------------------
Finished Handling Custom Attributes : Time (s): cpu = 00:00:09 ; elapsed = 00:00:12 . Memory (MB): peak = 544.992 ; gain = 271.625
---------------------------------------------------------------------------------
---------------------------------------------------------------------------------
Start Renaming Generated Nets
---------------------------------------------------------------------------------
---------------------------------------------------------------------------------
Finished Renaming Generated Nets : Time (s): cpu = 00:00:09 ; elapsed = 00:00:12 . Memory (MB): peak = 544.992 ; gain = 271.625
---------------------------------------------------------------------------------
---------------------------------------------------------------------------------
Start Writing Synthesis Report
---------------------------------------------------------------------------------

Report BlackBoxes: 
+-+--------------+----------+
| |BlackBox name |Instances |
+-+--------------+----------+
+-+--------------+----------+

Report Cell Usage: 
+------+-----+------+
|      |Cell |Count |
+------+-----+------+
|1     |LUT3 |     1|
|2     |IBUF |     3|
|3     |OBUF |     1|
+------+-----+------+

Report Instance Areas: 
+------+---------+-------+------+
|      |Instance |Module |Cells |
+------+---------+-------+------+
|1     |top      |       |     5|
+------+---------+-------+------+
---------------------------------------------------------------------------------
Finished Writing Synthesis Report : Time (s): cpu = 00:00:09 ; elapsed = 00:00:12 . Memory (MB): peak = 544.992 ; gain = 271.625
---------------------------------------------------------------------------------
Synthesis finished with 0 errors, 0 critical warnings and 0 warnings.
Synthesis Optimization Runtime : Time (s): cpu = 00:00:09 ; elapsed = 00:00:12 . Memory (MB): peak = 544.992 ; gain = 271.625
Synthesis Optimization Complete : Time (s): cpu = 00:00:09 ; elapsed = 00:00:12 . Memory (MB): peak = 544.992 ; gain = 271.625
INFO: [Project 1-571] Translating synthesized netlist
INFO: [Netlist 29-17] Analyzing 3 Unisim elements for replacement
INFO: [Netlist 29-28] Unisim Transformation completed in 0 CPU seconds
INFO: [Project 1-570] Preparing netlist for logic optimization
INFO: [Opt 31-138] Pushed 0 inverter(s) to 0 load pin(s).
INFO: [Project 1-111] Unisim Transformation Summary:
No Unisim elements were transformed.

INFO: [Common 17-83] Releasing license: Synthesis
21 Infos, 0 Warnings, 0 Critical Warnings and 0 Errors encountered.
synth_design completed successfully
synth_design: Time (s): cpu = 00:00:12 ; elapsed = 00:00:20 . Memory (MB): peak = 654.492 ; gain = 393.461
WARNING: [Constraints 18-5210] No constraint will be written out.
INFO: [Common 17-1381] The checkpoint 'D:/Universidad/Cuarto/SED/Learning/Learning/Learning.runs/synth_1/mux.dcp' has been generated.
INFO: [runtcl-4] Executing : report_utilization -file mux_utilization_synth.rpt -pb mux_utilization_synth.pb
report_utilization: Time (s): cpu = 00:00:00 ; elapsed = 00:00:00.175 . Memory (MB): peak = 654.492 ; gain = 0.000
INFO: [Common 17-206] Exiting Vivado at Fri Nov  9 13:23:22 2018...
