#-----------------------------------------------------------
# Vivado v2018.2 (64-bit)
# SW Build 2258646 on Thu Jun 14 20:03:12 MDT 2018
# IP Build 2256618 on Thu Jun 14 22:10:49 MDT 2018
# Start of session at: Sun Oct 28 21:07:28 2018
# Process ID: 357592
# Current directory: C:/Users/petra/Desktop/practica1_mux2a1
# Command line: vivado.exe -gui_launcher_event rodinguilauncherevent167304 C:\Users\petra\Desktop\practica1_mux2a1\practica1_mux2a1.xpr
# Log file: C:/Users/petra/Desktop/practica1_mux2a1/vivado.log
# Journal file: C:/Users/petra/Desktop/practica1_mux2a1\vivado.jou
#-----------------------------------------------------------
start_gui
open_project C:/Users/petra/Desktop/practica1_mux2a1/practica1_mux2a1.xpr
Scanning sources...
Finished scanning sources
INFO: [IP_Flow 19-234] Refreshing IP repositories
INFO: [IP_Flow 19-1704] No user IP repositories specified
INFO: [IP_Flow 19-2313] Loaded Vivado IP repository 'C:/Xilinx/Vivado/2018.2/data/ip'.
open_project: Time (s): cpu = 00:00:28 ; elapsed = 00:00:33 . Memory (MB): peak = 855.324 ; gain = 170.543
update_compile_order -fileset sources_1
launch_simulation
INFO: [Vivado 12-5682] Launching behavioral simulation in 'C:/Users/petra/Desktop/practica1_mux2a1/practica1_mux2a1.sim/sim_1/behav/xsim'
INFO: [SIM-utils-51] Simulation object is 'sim_1'
INFO: [SIM-utils-54] Inspecting design source files for 'mux_tb' in fileset 'sim_1'...
INFO: [USF-XSim-97] Finding global include files...
INFO: [USF-XSim-98] Fetching design files from 'sim_1'...
INFO: [USF-XSim-2] XSim::Compile design
INFO: [USF-XSim-61] Executing 'COMPILE and ANALYZE' step in 'C:/Users/petra/Desktop/practica1_mux2a1/practica1_mux2a1.sim/sim_1/behav/xsim'
"xvhdl --incr --relax -prj mux_tb_vhdl.prj"
INFO: [VRFC 10-163] Analyzing VHDL file "C:/Users/petra/Desktop/practica1_mux2a1/practica1_mux2a1.srcs/sources_1/new/practica1_tarea1.vhd" into library xil_defaultlib
INFO: [VRFC 10-307] analyzing entity mux
INFO: [VRFC 10-163] Analyzing VHDL file "C:/Users/petra/Desktop/practica1_mux2a1/practica1_mux2a1.srcs/sim_1/new/mux_tb.vhd" into library xil_defaultlib
INFO: [VRFC 10-307] analyzing entity mux_tb
ERROR: [VRFC 10-91] m_in is not declared [C:/Users/petra/Desktop/practica1_mux2a1/practica1_mux2a1.srcs/sim_1/new/mux_tb.vhd:81]
ERROR: [VRFC 10-1504] unit behaviour ignored due to previous errors [C:/Users/petra/Desktop/practica1_mux2a1/practica1_mux2a1.srcs/sim_1/new/mux_tb.vhd:41]
INFO: [VRFC 10-240] VHDL file C:/Users/petra/Desktop/practica1_mux2a1/practica1_mux2a1.srcs/sim_1/new/mux_tb.vhd ignored due to errors
run_program: Time (s): cpu = 00:00:00 ; elapsed = 00:00:06 . Memory (MB): peak = 895.285 ; gain = 0.000
INFO: [USF-XSim-69] 'compile' step finished in '6' seconds
INFO: [USF-XSim-99] Step results log file:'C:/Users/petra/Desktop/practica1_mux2a1/practica1_mux2a1.sim/sim_1/behav/xsim/xvhdl.log'
ERROR: [USF-XSim-62] 'compile' step failed with error(s). Please check the Tcl console output or 'C:/Users/petra/Desktop/practica1_mux2a1/practica1_mux2a1.sim/sim_1/behav/xsim/xvhdl.log' file for more information.
ERROR: [Vivado 12-4473] Detected error while running simulation. Please correct the issue and retry this operation.
launch_simulation: Time (s): cpu = 00:00:01 ; elapsed = 00:00:07 . Memory (MB): peak = 895.285 ; gain = 0.000
ERROR: [Common 17-39] 'launch_simulation' failed due to earlier errors.
launch_simulation
INFO: [Vivado 12-5682] Launching behavioral simulation in 'C:/Users/petra/Desktop/practica1_mux2a1/practica1_mux2a1.sim/sim_1/behav/xsim'
INFO: [SIM-utils-51] Simulation object is 'sim_1'
INFO: [SIM-utils-54] Inspecting design source files for 'mux_tb' in fileset 'sim_1'...
INFO: [USF-XSim-97] Finding global include files...
INFO: [USF-XSim-98] Fetching design files from 'sim_1'...
INFO: [USF-XSim-2] XSim::Compile design
INFO: [USF-XSim-61] Executing 'COMPILE and ANALYZE' step in 'C:/Users/petra/Desktop/practica1_mux2a1/practica1_mux2a1.sim/sim_1/behav/xsim'
"xvhdl --incr --relax -prj mux_tb_vhdl.prj"
INFO: [VRFC 10-163] Analyzing VHDL file "C:/Users/petra/Desktop/practica1_mux2a1/practica1_mux2a1.srcs/sources_1/new/practica1_tarea1.vhd" into library xil_defaultlib
INFO: [VRFC 10-307] analyzing entity mux
INFO: [VRFC 10-163] Analyzing VHDL file "C:/Users/petra/Desktop/practica1_mux2a1/practica1_mux2a1.srcs/sim_1/new/mux_tb.vhd" into library xil_defaultlib
INFO: [VRFC 10-307] analyzing entity mux_tb
ERROR: [VRFC 10-91] m is not declared [C:/Users/petra/Desktop/practica1_mux2a1/practica1_mux2a1.srcs/sim_1/new/mux_tb.vhd:81]
ERROR: [VRFC 10-1504] unit behaviour ignored due to previous errors [C:/Users/petra/Desktop/practica1_mux2a1/practica1_mux2a1.srcs/sim_1/new/mux_tb.vhd:41]
INFO: [VRFC 10-240] VHDL file C:/Users/petra/Desktop/practica1_mux2a1/practica1_mux2a1.srcs/sim_1/new/mux_tb.vhd ignored due to errors
INFO: [USF-XSim-69] 'compile' step finished in '4' seconds
INFO: [USF-XSim-99] Step results log file:'C:/Users/petra/Desktop/practica1_mux2a1/practica1_mux2a1.sim/sim_1/behav/xsim/xvhdl.log'
ERROR: [USF-XSim-62] 'compile' step failed with error(s). Please check the Tcl console output or 'C:/Users/petra/Desktop/practica1_mux2a1/practica1_mux2a1.sim/sim_1/behav/xsim/xvhdl.log' file for more information.
ERROR: [Vivado 12-4473] Detected error while running simulation. Please correct the issue and retry this operation.
ERROR: [Common 17-39] 'launch_simulation' failed due to earlier errors.
launch_simulation
INFO: [Vivado 12-5682] Launching behavioral simulation in 'C:/Users/petra/Desktop/practica1_mux2a1/practica1_mux2a1.sim/sim_1/behav/xsim'
INFO: [SIM-utils-51] Simulation object is 'sim_1'
INFO: [SIM-utils-54] Inspecting design source files for 'mux_tb' in fileset 'sim_1'...
INFO: [USF-XSim-97] Finding global include files...
INFO: [USF-XSim-98] Fetching design files from 'sim_1'...
INFO: [USF-XSim-2] XSim::Compile design
INFO: [USF-XSim-61] Executing 'COMPILE and ANALYZE' step in 'C:/Users/petra/Desktop/practica1_mux2a1/practica1_mux2a1.sim/sim_1/behav/xsim'
"xvhdl --incr --relax -prj mux_tb_vhdl.prj"
INFO: [VRFC 10-163] Analyzing VHDL file "C:/Users/petra/Desktop/practica1_mux2a1/practica1_mux2a1.srcs/sources_1/new/practica1_tarea1.vhd" into library xil_defaultlib
INFO: [VRFC 10-307] analyzing entity mux
INFO: [VRFC 10-163] Analyzing VHDL file "C:/Users/petra/Desktop/practica1_mux2a1/practica1_mux2a1.srcs/sim_1/new/mux_tb.vhd" into library xil_defaultlib
INFO: [VRFC 10-307] analyzing entity mux_tb
INFO: [USF-XSim-69] 'compile' step finished in '4' seconds
INFO: [USF-XSim-3] XSim::Elaborate design
INFO: [USF-XSim-61] Executing 'ELABORATE' step in 'C:/Users/petra/Desktop/practica1_mux2a1/practica1_mux2a1.sim/sim_1/behav/xsim'
Vivado Simulator 2018.2
Copyright 1986-1999, 2001-2018 Xilinx, Inc. All Rights Reserved.
Running: C:/Xilinx/Vivado/2018.2/bin/unwrapped/win64.o/xelab.exe -wto 1aa062bfae964b42b70f40b17a657cb9 --incr --debug typical --relax --mt 2 -L xil_defaultlib -L secureip --snapshot mux_tb_behav xil_defaultlib.mux_tb -log elaborate.log 
Using 2 slave threads.
Starting static elaboration
Completed static elaboration
Starting simulation data flow analysis
Completed simulation data flow analysis
Time Resolution for simulation is 1ps
Compiling package std.standard
Compiling package std.textio
Compiling package ieee.std_logic_1164
Compiling package ieee.numeric_std
Compiling package unisim.vcomponents
Compiling architecture behavioral of entity xil_defaultlib.mux [mux_default]
Compiling architecture behaviour of entity xil_defaultlib.mux_tb
Built simulation snapshot mux_tb_behav

****** Webtalk v2018.2 (64-bit)
  **** SW Build 2258646 on Thu Jun 14 20:03:12 MDT 2018
  **** IP Build 2256618 on Thu Jun 14 22:10:49 MDT 2018
    ** Copyright 1986-2018 Xilinx, Inc. All Rights Reserved.

source C:/Users/petra/Desktop/practica1_mux2a1/practica1_mux2a1.sim/sim_1/behav/xsim/xsim.dir/mux_tb_behav/webtalk/xsim_webtalk.tcl -notrace
INFO: [Common 17-186] 'C:/Users/petra/Desktop/practica1_mux2a1/practica1_mux2a1.sim/sim_1/behav/xsim/xsim.dir/mux_tb_behav/webtalk/usage_statistics_ext_xsim.xml' has been successfully sent to Xilinx on Sun Oct 28 22:06:25 2018. For additional details about this file, please refer to the WebTalk help file at C:/Xilinx/Vivado/2018.2/doc/webtalk_introduction.html.
INFO: [Common 17-206] Exiting Webtalk at Sun Oct 28 22:06:25 2018...
run_program: Time (s): cpu = 00:00:00 ; elapsed = 00:00:17 . Memory (MB): peak = 895.285 ; gain = 0.000
INFO: [USF-XSim-69] 'elaborate' step finished in '16' seconds
INFO: [USF-XSim-4] XSim::Simulate design
INFO: [USF-XSim-61] Executing 'SIMULATE' step in 'C:/Users/petra/Desktop/practica1_mux2a1/practica1_mux2a1.sim/sim_1/behav/xsim'
INFO: [USF-XSim-98] *** Running xsim
   with args "mux_tb_behav -key {Behavioral:sim_1:Functional:mux_tb} -tclbatch {mux_tb.tcl} -log {simulate.log}"
INFO: [USF-XSim-8] Loading simulator feature
Vivado Simulator 2018.2
Time resolution is 1 ps
source mux_tb.tcl
# set curr_wave [current_wave_config]
# if { [string length $curr_wave] == 0 } {
#   if { [llength [get_objects]] > 0} {
#     add_wave /
#     set_property needs_save false [current_wave_config]
#   } else {
#      send_msg_id Add_Wave-1 WARNING "No top level signals found. Simulator will start without a wave window. If you want to open a wave window go to 'File->New Waveform Configuration' or type 'create_wave_config' in the TCL console."
#   }
# }
# run 1000ns
xsim: Time (s): cpu = 00:00:07 ; elapsed = 00:00:05 . Memory (MB): peak = 897.629 ; gain = 2.344
INFO: [USF-XSim-96] XSim completed. Design snapshot 'mux_tb_behav' loaded.
INFO: [USF-XSim-97] XSim simulation ran for 1000ns
launch_simulation: Time (s): cpu = 00:00:08 ; elapsed = 00:00:26 . Memory (MB): peak = 897.629 ; gain = 2.344
close_sim
INFO: [Simtcl 6-16] Simulation closed
close_sim: Time (s): cpu = 00:00:02 ; elapsed = 00:00:10 . Memory (MB): peak = 907.883 ; gain = 0.000
exit
INFO: [Common 17-206] Exiting Vivado at Sun Oct 28 22:39:40 2018...
