#-----------------------------------------------------------
# Vivado v2018.2 (64-bit)
# SW Build 2258646 on Thu Jun 14 20:03:12 MDT 2018
# IP Build 2256618 on Thu Jun 14 22:10:49 MDT 2018
# Start of session at: Fri Nov  9 12:52:23 2018
# Process ID: 67460
# Current directory: D:/Universidad/Cuarto/SED/Registro_desplaz_citcular
# Command line: vivado.exe -gui_launcher_event rodinguilauncherevent57412 D:\Universidad\Cuarto\SED\Registro_desplaz_citcular\Registro_desplaz_citcular.xpr
# Log file: D:/Universidad/Cuarto/SED/Registro_desplaz_citcular/vivado.log
# Journal file: D:/Universidad/Cuarto/SED/Registro_desplaz_citcular\vivado.jou
#-----------------------------------------------------------
start_gui
open_project D:/Universidad/Cuarto/SED/Registro_desplaz_citcular/Registro_desplaz_citcular.xpr
Scanning sources...
Finished scanning sources
INFO: [IP_Flow 19-234] Refreshing IP repositories
INFO: [IP_Flow 19-1704] No user IP repositories specified
INFO: [IP_Flow 19-2313] Loaded Vivado IP repository 'D:/Xilinx/Vivado/2018.2/data/ip'.
update_compile_order -fileset sources_1
exit
INFO: [Common 17-206] Exiting Vivado at Fri Nov  9 18:11:29 2018...
