#-----------------------------------------------------------
# Vivado v2018.2 (64-bit)
# SW Build 2258646 on Thu Jun 14 20:03:12 MDT 2018
# IP Build 2256618 on Thu Jun 14 22:10:49 MDT 2018
# Start of session at: Thu Nov 15 16:55:27 2018
# Process ID: 77400
# Current directory: D:/Universidad/Cuarto/SED/Practica_2
# Command line: vivado.exe -gui_launcher_event rodinguilauncherevent80588 D:\Universidad\Cuarto\SED\Practica_2\practica_2.xpr
# Log file: D:/Universidad/Cuarto/SED/Practica_2/vivado.log
# Journal file: D:/Universidad/Cuarto/SED/Practica_2\vivado.jou
#-----------------------------------------------------------
start_gui
open_project D:/Universidad/Cuarto/SED/Practica_2/practica_2.xpr
Scanning sources...
Finished scanning sources
INFO: [IP_Flow 19-234] Refreshing IP repositories
INFO: [IP_Flow 19-1704] No user IP repositories specified
INFO: [IP_Flow 19-2313] Loaded Vivado IP repository 'D:/Xilinx/Vivado/2018.2/data/ip'.
open_project: Time (s): cpu = 00:00:14 ; elapsed = 00:00:07 . Memory (MB): peak = 921.445 ; gain = 176.961
update_compile_order -fileset sources_1
close [ open D:/Universidad/Cuarto/SED/Practica_2/practica_2.srcs/sources_1/new/contador.vhd w ]
add_files D:/Universidad/Cuarto/SED/Practica_2/practica_2.srcs/sources_1/new/contador.vhd
update_compile_order -fileset sources_1
export_ip_user_files -of_objects  [get_files D:/Universidad/Cuarto/SED/Practica_2/practica_2.srcs/sources_1/new/contador.vhd] -no_script -reset -force -quiet
remove_files  D:/Universidad/Cuarto/SED/Practica_2/practica_2.srcs/sources_1/new/contador.vhd
exit
INFO: [Common 17-206] Exiting Vivado at Thu Nov 15 17:11:54 2018...
