#-----------------------------------------------------------
# Vivado v2018.2 (64-bit)
# SW Build 2258646 on Thu Jun 14 20:03:12 MDT 2018
# IP Build 2256618 on Thu Jun 14 22:10:49 MDT 2018
# Start of session at: Fri Nov 16 19:30:25 2018
# Process ID: 67124
# Current directory: D:/Universidad/Cuarto/SED/Practica_2
# Command line: vivado.exe -gui_launcher_event rodinguilauncherevent40644 D:\Universidad\Cuarto\SED\Practica_2\practica_2.xpr
# Log file: D:/Universidad/Cuarto/SED/Practica_2/vivado.log
# Journal file: D:/Universidad/Cuarto/SED/Practica_2\vivado.jou
#-----------------------------------------------------------
start_gui
open_project D:/Universidad/Cuarto/SED/Practica_2/practica_2.xpr
Scanning sources...
Finished scanning sources
INFO: [IP_Flow 19-234] Refreshing IP repositories
INFO: [IP_Flow 19-1704] No user IP repositories specified
INFO: [IP_Flow 19-2313] Loaded Vivado IP repository 'D:/Xilinx/Vivado/2018.2/data/ip'.
open_project: Time (s): cpu = 00:00:16 ; elapsed = 00:00:26 . Memory (MB): peak = 756.609 ; gain = 83.184
update_compile_order -fileset sources_1
exit
INFO: [Common 17-206] Exiting Vivado at Fri Nov 16 19:31:52 2018...
