#-----------------------------------------------------------
# Vivado v2018.2 (64-bit)
# SW Build 2258646 on Thu Jun 14 20:03:12 MDT 2018
# IP Build 2256618 on Thu Jun 14 22:10:49 MDT 2018
# Start of session at: Fri Nov 16 11:36:33 2018
# Process ID: 8360
# Current directory: D:/Universidad/Cuarto/SED/Practica_2_contador/practica_2_contador
# Command line: vivado.exe -gui_launcher_event rodinguilauncherevent18208 D:\Universidad\Cuarto\SED\Practica_2_contador\practica_2_contador\practica_2_contador.xpr
# Log file: D:/Universidad/Cuarto/SED/Practica_2_contador/practica_2_contador/vivado.log
# Journal file: D:/Universidad/Cuarto/SED/Practica_2_contador/practica_2_contador\vivado.jou
#-----------------------------------------------------------
start_gui
open_project D:/Universidad/Cuarto/SED/Practica_2_contador/practica_2_contador/practica_2_contador.xpr
Scanning sources...
Finished scanning sources
INFO: [IP_Flow 19-234] Refreshing IP repositories
INFO: [IP_Flow 19-1704] No user IP repositories specified
INFO: [IP_Flow 19-2313] Loaded Vivado IP repository 'D:/Xilinx/Vivado/2018.2/data/ip'.
open_project: Time (s): cpu = 00:00:18 ; elapsed = 00:00:19 . Memory (MB): peak = 786.344 ; gain = 65.563
update_compile_order -fileset sources_1
launch_simulation
INFO: [Vivado 12-5682] Launching behavioral simulation in 'D:/Universidad/Cuarto/SED/Practica_2_contador/practica_2_contador/practica_2_contador.sim/sim_1/behav/xsim'
INFO: [SIM-utils-51] Simulation object is 'sim_1'
INFO: [SIM-utils-54] Inspecting design source files for 'decoder_tb' in fileset 'sim_1'...
INFO: [USF-XSim-97] Finding global include files...
INFO: [USF-XSim-98] Fetching design files from 'sim_1'...
INFO: [USF-XSim-2] XSim::Compile design
INFO: [USF-XSim-61] Executing 'COMPILE and ANALYZE' step in 'D:/Universidad/Cuarto/SED/Practica_2_contador/practica_2_contador/practica_2_contador.sim/sim_1/behav/xsim'
"xvhdl --incr --relax -prj decoder_tb_vhdl.prj"
INFO: [VRFC 10-163] Analyzing VHDL file "D:/Universidad/Cuarto/SED/Practica_2/practica_2.srcs/sources_1/new/Decodificador.vhd" into library xil_defaultlib
INFO: [VRFC 10-307] analyzing entity decoder
INFO: [VRFC 10-163] Analyzing VHDL file "D:/Universidad/Cuarto/SED/Practica_2/practica_2.srcs/sim_1/new/decoder_tb.vhd" into library xil_defaultlib
INFO: [VRFC 10-307] analyzing entity decoder_tb
INFO: [USF-XSim-69] 'compile' step finished in '5' seconds
INFO: [USF-XSim-3] XSim::Elaborate design
INFO: [USF-XSim-61] Executing 'ELABORATE' step in 'D:/Universidad/Cuarto/SED/Practica_2_contador/practica_2_contador/practica_2_contador.sim/sim_1/behav/xsim'
Vivado Simulator 2018.2
Copyright 1986-1999, 2001-2018 Xilinx, Inc. All Rights Reserved.
Running: D:/Xilinx/Vivado/2018.2/bin/unwrapped/win64.o/xelab.exe -wto c462a240dd844017b2295812a091473e --incr --debug typical --relax --mt 2 -L xil_defaultlib -L secureip --snapshot decoder_tb_behav xil_defaultlib.decoder_tb -log elaborate.log 
Using 2 slave threads.
Starting static elaboration
Completed static elaboration
Starting simulation data flow analysis
Completed simulation data flow analysis
Time Resolution for simulation is 1ps
Compiling package std.standard
Compiling package std.textio
Compiling package ieee.std_logic_1164
Compiling package ieee.numeric_std
Compiling package ieee.std_logic_arith
Compiling package ieee.std_logic_unsigned
Compiling architecture dataflow of entity xil_defaultlib.decoder [decoder_default]
Compiling architecture behavioral of entity xil_defaultlib.decoder_tb
Built simulation snapshot decoder_tb_behav

****** Webtalk v2018.2 (64-bit)
  **** SW Build 2258646 on Thu Jun 14 20:03:12 MDT 2018
  **** IP Build 2256618 on Thu Jun 14 22:10:49 MDT 2018
    ** Copyright 1986-2018 Xilinx, Inc. All Rights Reserved.

source D:/Universidad/Cuarto/SED/Practica_2_contador/practica_2_contador/practica_2_contador.sim/sim_1/behav/xsim/xsim.dir/decoder_tb_behav/webtalk/xsim_webtalk.tcl -notrace
INFO: [Common 17-186] 'D:/Universidad/Cuarto/SED/Practica_2_contador/practica_2_contador/practica_2_contador.sim/sim_1/behav/xsim/xsim.dir/decoder_tb_behav/webtalk/usage_statistics_ext_xsim.xml' has been successfully sent to Xilinx on Fri Nov 16 11:38:23 2018. For additional details about this file, please refer to the WebTalk help file at D:/Xilinx/Vivado/2018.2/doc/webtalk_introduction.html.
webtalk_transmit: Time (s): cpu = 00:00:00 ; elapsed = 00:00:06 . Memory (MB): peak = 55.523 ; gain = 0.699
INFO: [Common 17-206] Exiting Webtalk at Fri Nov 16 11:38:23 2018...
run_program: Time (s): cpu = 00:00:01 ; elapsed = 00:00:12 . Memory (MB): peak = 813.422 ; gain = 0.000
INFO: [USF-XSim-69] 'elaborate' step finished in '12' seconds
INFO: [USF-XSim-4] XSim::Simulate design
INFO: [USF-XSim-61] Executing 'SIMULATE' step in 'D:/Universidad/Cuarto/SED/Practica_2_contador/practica_2_contador/practica_2_contador.sim/sim_1/behav/xsim'
INFO: [USF-XSim-98] *** Running xsim
   with args "decoder_tb_behav -key {Behavioral:sim_1:Functional:decoder_tb} -tclbatch {decoder_tb.tcl} -log {simulate.log}"
INFO: [USF-XSim-8] Loading simulator feature
Vivado Simulator 2018.2
Time resolution is 1 ps
source decoder_tb.tcl
# set curr_wave [current_wave_config]
# if { [string length $curr_wave] == 0 } {
#   if { [llength [get_objects]] > 0} {
#     add_wave /
#     set_property needs_save false [current_wave_config]
#   } else {
#      send_msg_id Add_Wave-1 WARNING "No top level signals found. Simulator will start without a wave window. If you want to open a wave window go to 'File->New Waveform Configuration' or type 'create_wave_config' in the TCL console."
#   }
# }
# run 1000ns
Failure: Simulacion finalizada. Test superado.
Time: 320 ns  Iteration: 0  Process: /decoder_tb/tb  File: D:/Universidad/Cuarto/SED/Practica_2/practica_2.srcs/sim_1/new/decoder_tb.vhd
$finish called at time : 320 ns : File "D:/Universidad/Cuarto/SED/Practica_2/practica_2.srcs/sim_1/new/decoder_tb.vhd" Line 63
INFO: [USF-XSim-96] XSim completed. Design snapshot 'decoder_tb_behav' loaded.
INFO: [USF-XSim-97] XSim simulation ran for 1000ns
launch_simulation: Time (s): cpu = 00:00:08 ; elapsed = 00:00:23 . Memory (MB): peak = 827.172 ; gain = 13.750
set_property top top [current_fileset]
update_compile_order -fileset sources_1
close_sim
INFO: [Simtcl 6-16] Simulation closed
close_sim: Time (s): cpu = 00:00:04 ; elapsed = 00:00:07 . Memory (MB): peak = 850.918 ; gain = 5.852
exit
INFO: [Common 17-206] Exiting Vivado at Fri Nov 16 12:02:24 2018...
