#-----------------------------------------------------------
# Vivado v2018.2 (64-bit)
# SW Build 2258646 on Thu Jun 14 20:03:12 MDT 2018
# IP Build 2256618 on Thu Jun 14 22:10:49 MDT 2018
# Start of session at: Thu Nov 15 17:07:59 2018
# Process ID: 85176
# Current directory: D:/Universidad/Cuarto/SED/Practica_2_contador/practica_2_contador
# Command line: vivado.exe -gui_launcher_event rodinguilauncherevent85888 D:\Universidad\Cuarto\SED\Practica_2_contador\practica_2_contador\practica_2_contador.xpr
# Log file: D:/Universidad/Cuarto/SED/Practica_2_contador/practica_2_contador/vivado.log
# Journal file: D:/Universidad/Cuarto/SED/Practica_2_contador/practica_2_contador\vivado.jou
#-----------------------------------------------------------
start_gui
open_project D:/Universidad/Cuarto/SED/Practica_2_contador/practica_2_contador/practica_2_contador.xpr
Scanning sources...
Finished scanning sources
INFO: [IP_Flow 19-234] Refreshing IP repositories
INFO: [IP_Flow 19-1704] No user IP repositories specified
INFO: [IP_Flow 19-2313] Loaded Vivado IP repository 'D:/Xilinx/Vivado/2018.2/data/ip'.
open_project: Time (s): cpu = 00:00:10 ; elapsed = 00:00:05 . Memory (MB): peak = 810.426 ; gain = 43.051
update_compile_order -fileset sources_1
close [ open D:/Universidad/Cuarto/SED/Practica_2_contador/practica_2_contador/practica_2_contador.srcs/sources_1/new/contador.vhd w ]
add_files D:/Universidad/Cuarto/SED/Practica_2_contador/practica_2_contador/practica_2_contador.srcs/sources_1/new/contador.vhd
update_compile_order -fileset sources_1
exit
INFO: [Common 17-206] Exiting Vivado at Thu Nov 15 19:44:46 2018...
