#-----------------------------------------------------------
# Vivado v2018.2 (64-bit)
# SW Build 2258646 on Thu Jun 14 20:03:12 MDT 2018
# IP Build 2256618 on Thu Jun 14 22:10:49 MDT 2018
# Start of session at: Sat Nov 10 10:15:28 2018
# Process ID: 22560
# Current directory: D:/Universidad/Cuarto/SED/Ejercicio_2
# Command line: vivado.exe -gui_launcher_event rodinguilauncherevent48132 D:\Universidad\Cuarto\SED\Ejercicio_2\Ejercicio_2.xpr
# Log file: D:/Universidad/Cuarto/SED/Ejercicio_2/vivado.log
# Journal file: D:/Universidad/Cuarto/SED/Ejercicio_2\vivado.jou
#-----------------------------------------------------------
start_gui
open_project D:/Universidad/Cuarto/SED/Ejercicio_2/Ejercicio_2.xpr
Scanning sources...
Finished scanning sources
INFO: [IP_Flow 19-234] Refreshing IP repositories
INFO: [IP_Flow 19-1704] No user IP repositories specified
INFO: [IP_Flow 19-2313] Loaded Vivado IP repository 'D:/Xilinx/Vivado/2018.2/data/ip'.
open_project: Time (s): cpu = 00:00:12 ; elapsed = 00:00:21 . Memory (MB): peak = 763.684 ; gain = 96.648
update_compile_order -fileset sources_1
exit
INFO: [Common 17-206] Exiting Vivado at Sat Nov 10 10:52:20 2018...
