Vivado Simulator 2018.2
Time resolution is 1 ps
Stopped at time : 1010 ns : File "D:/Universidad/Cuarto/SED/Practica_2/practica_2.srcs/sources_1/new/top_2_tb.vhd" Line 71
Stopped at time : 1010 ns : File "D:/Universidad/Cuarto/SED/Practica_2/practica_2.srcs/sources_1/new/top_2_tb.vhd" Line 72
Stopped at time : 1010 ns : File "D:/Universidad/Cuarto/SED/Practica_2/practica_2.srcs/sources_1/new/top_2_tb.vhd" Line 64
Stopped at time : 1010 ns : File "D:/Universidad/Cuarto/SED/Practica_2/practica_2.srcs/sources_1/new/top_2_tb.vhd" Line 65
Stopped at time : 1010 ns : File "D:/Universidad/Cuarto/SED/Practica_2/practica_2.srcs/sources_1/new/top_2_tb.vhd" Line 56
Stopped at time : 1010 ns : File "D:/Universidad/Cuarto/SED/Practica_2/practica_2.srcs/sources_1/new/top_2_tb.vhd" Line 57
Stopped at time : 1010 ns : File "D:/Universidad/Cuarto/SED/practica_2_diana/top2.vhd" Line 46
Stopped at time : 1010 ns : File "D:/Universidad/Cuarto/SED/practica_2_diana/sincronizador.vhd" Line 25
Stopped at time : 1010 ns : File "D:/Universidad/Cuarto/SED/practica_2_diana/sincronizador.vhd" Line 26
Stopped at time : 1010 ns : File "D:/Universidad/Cuarto/SED/practica_2_diana/sincronizador.vhd" Line 37
Stopped at time : 1010 ns : File "D:/Universidad/Cuarto/SED/practica_2_diana/sincronizador.vhd" Line 38
Stopped at time : 1010 ns : File "D:/Universidad/Cuarto/SED/Practica_2_contador/practica_2_contador/practica_2_contador.srcs/sources_1/new/debouncer.vhd" Line 19
Stopped at time : 1010 ns : File "D:/Universidad/Cuarto/SED/Practica_2_contador/practica_2_contador/practica_2_contador.srcs/sources_1/new/debouncer.vhd" Line 20
Stopped at time : 1010 ns : File "D:/Universidad/Cuarto/SED/Practica_2_contador/practica_2_contador/practica_2_contador.srcs/sources_1/new/debouncer.vhd" Line 25
Stopped at time : 1010 ns : File "D:/Universidad/Cuarto/SED/Practica_2_contador/practica_2_contador/practica_2_contador.srcs/sources_1/new/debouncer.vhd" Line 26
Stopped at time : 1010 ns : File "D:/Universidad/Cuarto/SED/Practica_2_contador/practica_2_contador/practica_2_contador.srcs/sources_1/new/debouncer.vhd" Line 27
Stopped at time : 1020 ns : File "D:/Universidad/Cuarto/SED/Practica_2/practica_2.srcs/sources_1/new/top_2_tb.vhd" Line 73
Stopped at time : 1020 ns : File "D:/Universidad/Cuarto/SED/Practica_2/practica_2.srcs/sources_1/new/top_2_tb.vhd" Line 74
Stopped at time : 1020 ns : File "D:/Universidad/Cuarto/SED/Practica_2/practica_2.srcs/sources_1/new/top_2_tb.vhd" Line 61
Stopped at time : 1020 ns : File "D:/Universidad/Cuarto/SED/Practica_2/practica_2.srcs/sources_1/new/top_2_tb.vhd" Line 62
Stopped at time : 1020 ns : File "D:/Universidad/Cuarto/SED/Practica_2/practica_2.srcs/sources_1/new/top_2_tb.vhd" Line 63
Stopped at time : 1020 ns : File "D:/Universidad/Cuarto/SED/Practica_2/practica_2.srcs/sources_1/new/top_2_tb.vhd" Line 54
Stopped at time : 1020 ns : File "D:/Universidad/Cuarto/SED/Practica_2/practica_2.srcs/sources_1/new/top_2_tb.vhd" Line 55
Stopped at time : 1020 ns : File "D:/Universidad/Cuarto/SED/practica_2_diana/top2.vhd" Line 46
Stopped at time : 1020 ns : File "D:/Universidad/Cuarto/SED/practica_2_diana/sincronizador.vhd" Line 25
Stopped at time : 1020 ns : File "D:/Universidad/Cuarto/SED/practica_2_diana/sincronizador.vhd" Line 37
Stopped at time : 1020 ns : File "D:/Universidad/Cuarto/SED/Practica_2_contador/practica_2_contador/practica_2_contador.srcs/sources_1/new/debouncer.vhd" Line 19
Stopped at time : 1030 ns : File "D:/Universidad/Cuarto/SED/Practica_2/practica_2.srcs/sources_1/new/top_2_tb.vhd" Line 75
