#-----------------------------------------------------------
# Vivado v2018.2 (64-bit)
# SW Build 2258646 on Thu Jun 14 20:03:12 MDT 2018
# IP Build 2256618 on Thu Jun 14 22:10:49 MDT 2018
# Start of session at: Fri Jan 11 13:57:04 2019
# Process ID: 187344
# Current directory: D:/Universidad/Cuarto/SED/VHDL/Clase/Prácticas/Practica_1_mux_tarea_5
# Command line: vivado.exe -gui_launcher_event rodinguilauncherevent187200 D:\Universidad\Cuarto\SED\VHDL\Clase\Prácticas\Practica_1_mux_tarea_5\Practica_1_mux_tarea_5.xpr
# Log file: D:/Universidad/Cuarto/SED/VHDL/Clase/Prácticas/Practica_1_mux_tarea_5/vivado.log
# Journal file: D:/Universidad/Cuarto/SED/VHDL/Clase/Prácticas/Practica_1_mux_tarea_5\vivado.jou
#-----------------------------------------------------------
start_gui
open_project D:/Universidad/Cuarto/SED/VHDL/Clase/Prácticas/Practica_1_mux_tarea_5/Practica_1_mux_tarea_5.xpr
INFO: [Project 1-313] Project file moved from 'D:/Universidad/Cuarto/SED/Practica_1_mux_tarea_5' since last save.
Scanning sources...
Finished scanning sources
INFO: [IP_Flow 19-234] Refreshing IP repositories
INFO: [IP_Flow 19-1704] No user IP repositories specified
INFO: [IP_Flow 19-2313] Loaded Vivado IP repository 'D:/Xilinx/Vivado/2018.2/data/ip'.
update_compile_order -fileset sources_1
exit
INFO: [Common 17-206] Exiting Vivado at Fri Jan 11 13:57:46 2019...
