#-----------------------------------------------------------
# Vivado v2018.2 (64-bit)
# SW Build 2258646 on Thu Jun 14 20:03:12 MDT 2018
# IP Build 2256618 on Thu Jun 14 22:10:49 MDT 2018
# Start of session at: Fri Nov  9 18:48:21 2018
# Process ID: 104824
# Current directory: D:/Universidad/Cuarto/SED/Learning/Learning
# Command line: vivado.exe -gui_launcher_event rodinguilauncherevent111036 D:\Universidad\Cuarto\SED\Learning\Learning\Learning.xpr
# Log file: D:/Universidad/Cuarto/SED/Learning/Learning/vivado.log
# Journal file: D:/Universidad/Cuarto/SED/Learning/Learning\vivado.jou
#-----------------------------------------------------------
start_gui
open_project D:/Universidad/Cuarto/SED/Learning/Learning/Learning.xpr
Scanning sources...
Finished scanning sources
INFO: [IP_Flow 19-234] Refreshing IP repositories
INFO: [IP_Flow 19-1704] No user IP repositories specified
INFO: [IP_Flow 19-2313] Loaded Vivado IP repository 'D:/Xilinx/Vivado/2018.2/data/ip'.
open_project: Time (s): cpu = 00:00:11 ; elapsed = 00:00:07 . Memory (MB): peak = 827.543 ; gain = 60.297
update_compile_order -fileset sources_1
exit
INFO: [Common 17-206] Exiting Vivado at Fri Nov  9 20:34:57 2018...
