#-----------------------------------------------------------
# Vivado v2018.2 (64-bit)
# SW Build 2258646 on Thu Jun 14 20:03:12 MDT 2018
# IP Build 2256618 on Thu Jun 14 22:10:49 MDT 2018
# Start of session at: Sun Dec  2 17:55:22 2018
# Process ID: 320780
# Current directory: D:/Universidad/Cuarto/SED/Practica3_SED/practica_3
# Command line: vivado.exe -gui_launcher_event rodinguilauncherevent165096 D:\Universidad\Cuarto\SED\Practica3_SED\practica_3\practica_3.xpr
# Log file: D:/Universidad/Cuarto/SED/Practica3_SED/practica_3/vivado.log
# Journal file: D:/Universidad/Cuarto/SED/Practica3_SED/practica_3\vivado.jou
#-----------------------------------------------------------
start_gui
open_project D:/Universidad/Cuarto/SED/Practica3_SED/practica_3/practica_3.xpr
INFO: [Project 1-313] Project file moved from 'C:/Users/Fran/Desktop/practica_3' since last save.
Scanning sources...
Finished scanning sources
INFO: [IP_Flow 19-234] Refreshing IP repositories
INFO: [IP_Flow 19-1704] No user IP repositories specified
INFO: [IP_Flow 19-2313] Loaded Vivado IP repository 'D:/Xilinx/Vivado/2018.2/data/ip'.
open_project: Time (s): cpu = 00:00:19 ; elapsed = 00:00:17 . Memory (MB): peak = 753.414 ; gain = 64.563
update_compile_order -fileset sources_1
launch_simulation
INFO: [Vivado 12-5682] Launching behavioral simulation in 'D:/Universidad/Cuarto/SED/Practica3_SED/practica_3/practica_3.sim/sim_1/behav/xsim'
INFO: [SIM-utils-51] Simulation object is 'sim_1'
INFO: [SIM-utils-54] Inspecting design source files for 'state_machine_tb' in fileset 'sim_1'...
INFO: [USF-XSim-97] Finding global include files...
INFO: [USF-XSim-98] Fetching design files from 'sim_1'...
INFO: [USF-XSim-2] XSim::Compile design
INFO: [USF-XSim-61] Executing 'COMPILE and ANALYZE' step in 'D:/Universidad/Cuarto/SED/Practica3_SED/practica_3/practica_3.sim/sim_1/behav/xsim'
"xvhdl --incr --relax -prj state_machine_tb_vhdl.prj"
INFO: [VRFC 10-163] Analyzing VHDL file "D:/Universidad/Cuarto/SED/Practica3_SED/practica_3/practica_3.srcs/sources_1/new/state_machine.vhd" into library xil_defaultlib
INFO: [VRFC 10-307] analyzing entity parity_machine
INFO: [VRFC 10-163] Analyzing VHDL file "D:/Universidad/Cuarto/SED/Practica3_SED/practica_3/practica_3.srcs/sim_1/new/state_machine_tb.vhd" into library xil_defaultlib
INFO: [VRFC 10-307] analyzing entity state_machine_tb
run_program: Time (s): cpu = 00:00:01 ; elapsed = 00:00:07 . Memory (MB): peak = 780.156 ; gain = 0.000
INFO: [USF-XSim-69] 'compile' step finished in '7' seconds
INFO: [USF-XSim-3] XSim::Elaborate design
INFO: [USF-XSim-61] Executing 'ELABORATE' step in 'D:/Universidad/Cuarto/SED/Practica3_SED/practica_3/practica_3.sim/sim_1/behav/xsim'
Vivado Simulator 2018.2
Copyright 1986-1999, 2001-2018 Xilinx, Inc. All Rights Reserved.
Running: D:/Xilinx/Vivado/2018.2/bin/unwrapped/win64.o/xelab.exe -wto 5008db35e631439081859861ca09d21a --incr --debug typical --relax --mt 2 -L xil_defaultlib -L secureip --snapshot state_machine_tb_behav xil_defaultlib.state_machine_tb -log elaborate.log 
Using 2 slave threads.
Starting static elaboration
Completed static elaboration
Starting simulation data flow analysis
Completed simulation data flow analysis
Time Resolution for simulation is 1ps
Compiling package std.standard
Compiling package std.textio
Compiling package ieee.std_logic_1164
Compiling package ieee.numeric_std
Compiling package unisim.vcomponents
Compiling architecture parity_machine of entity xil_defaultlib.parity_machine [parity_machine_default]
Compiling architecture behavioral of entity xil_defaultlib.state_machine_tb
Built simulation snapshot state_machine_tb_behav
run_program: Time (s): cpu = 00:00:01 ; elapsed = 00:00:10 . Memory (MB): peak = 780.156 ; gain = 0.000
INFO: [USF-XSim-69] 'elaborate' step finished in '10' seconds
INFO: [USF-XSim-4] XSim::Simulate design
INFO: [USF-XSim-61] Executing 'SIMULATE' step in 'D:/Universidad/Cuarto/SED/Practica3_SED/practica_3/practica_3.sim/sim_1/behav/xsim'
INFO: [USF-XSim-98] *** Running xsim
   with args "state_machine_tb_behav -key {Behavioral:sim_1:Functional:state_machine_tb} -tclbatch {state_machine_tb.tcl} -view {D:/Universidad/Cuarto/SED/Practica3_SED/practica_3/state_machine_tb_behav.wcfg} -log {simulate.log}"
INFO: [USF-XSim-8] Loading simulator feature
Vivado Simulator 2018.2
Time resolution is 1 ps
open_wave_config D:/Universidad/Cuarto/SED/Practica3_SED/practica_3/state_machine_tb_behav.wcfg
source state_machine_tb.tcl
# set curr_wave [current_wave_config]
# if { [string length $curr_wave] == 0 } {
#   if { [llength [get_objects]] > 0} {
#     add_wave /
#     set_property needs_save false [current_wave_config]
#   } else {
#      send_msg_id Add_Wave-1 WARNING "No top level signals found. Simulator will start without a wave window. If you want to open a wave window go to 'File->New Waveform Configuration' or type 'create_wave_config' in the TCL console."
#   }
# }
# run 1000ns
Failure: Éxito. Simulación finalizada.
Time: 0 ps  Iteration: 0  Process: /state_machine_tb/line__80  File: D:/Universidad/Cuarto/SED/Practica3_SED/practica_3/practica_3.srcs/sim_1/new/state_machine_tb.vhd
$finish called at time : 0 fs : File "D:/Universidad/Cuarto/SED/Practica3_SED/practica_3/practica_3.srcs/sim_1/new/state_machine_tb.vhd" Line 82
INFO: [USF-XSim-96] XSim completed. Design snapshot 'state_machine_tb_behav' loaded.
INFO: [USF-XSim-97] XSim simulation ran for 1000ns
launch_simulation: Time (s): cpu = 00:00:09 ; elapsed = 00:00:24 . Memory (MB): peak = 798.469 ; gain = 18.313
close_sim
INFO: [Simtcl 6-16] Simulation closed
launch_simulation
INFO: [Vivado 12-5682] Launching behavioral simulation in 'D:/Universidad/Cuarto/SED/Practica3_SED/practica_3/practica_3.sim/sim_1/behav/xsim'
INFO: [SIM-utils-51] Simulation object is 'sim_1'
INFO: [SIM-utils-54] Inspecting design source files for 'state_machine_tb' in fileset 'sim_1'...
INFO: [USF-XSim-97] Finding global include files...
INFO: [USF-XSim-98] Fetching design files from 'sim_1'...
INFO: [USF-XSim-2] XSim::Compile design
INFO: [USF-XSim-61] Executing 'COMPILE and ANALYZE' step in 'D:/Universidad/Cuarto/SED/Practica3_SED/practica_3/practica_3.sim/sim_1/behav/xsim'
"xvhdl --incr --relax -prj state_machine_tb_vhdl.prj"
INFO: [USF-XSim-69] 'compile' step finished in '3' seconds
INFO: [USF-XSim-3] XSim::Elaborate design
INFO: [USF-XSim-61] Executing 'ELABORATE' step in 'D:/Universidad/Cuarto/SED/Practica3_SED/practica_3/practica_3.sim/sim_1/behav/xsim'
Vivado Simulator 2018.2
Copyright 1986-1999, 2001-2018 Xilinx, Inc. All Rights Reserved.
Running: D:/Xilinx/Vivado/2018.2/bin/unwrapped/win64.o/xelab.exe -wto 5008db35e631439081859861ca09d21a --incr --debug typical --relax --mt 2 -L xil_defaultlib -L secureip --snapshot state_machine_tb_behav xil_defaultlib.state_machine_tb -log elaborate.log 
Using 2 slave threads.
Starting static elaboration
Completed static elaboration
INFO: [XSIM 43-4323] No Change in HDL. Linking previously generated obj files to create kernel
INFO: [USF-XSim-69] 'elaborate' step finished in '2' seconds
INFO: [USF-XSim-4] XSim::Simulate design
INFO: [USF-XSim-61] Executing 'SIMULATE' step in 'D:/Universidad/Cuarto/SED/Practica3_SED/practica_3/practica_3.sim/sim_1/behav/xsim'
INFO: [USF-XSim-98] *** Running xsim
   with args "state_machine_tb_behav -key {Behavioral:sim_1:Functional:state_machine_tb} -tclbatch {state_machine_tb.tcl} -view {D:/Universidad/Cuarto/SED/Practica3_SED/practica_3/state_machine_tb_behav.wcfg} -log {simulate.log}"
INFO: [USF-XSim-8] Loading simulator feature
Vivado Simulator 2018.2
Time resolution is 1 ps
open_wave_config D:/Universidad/Cuarto/SED/Practica3_SED/practica_3/state_machine_tb_behav.wcfg
source state_machine_tb.tcl
# set curr_wave [current_wave_config]
# if { [string length $curr_wave] == 0 } {
#   if { [llength [get_objects]] > 0} {
#     add_wave /
#     set_property needs_save false [current_wave_config]
#   } else {
#      send_msg_id Add_Wave-1 WARNING "No top level signals found. Simulator will start without a wave window. If you want to open a wave window go to 'File->New Waveform Configuration' or type 'create_wave_config' in the TCL console."
#   }
# }
# run 1000ns
Failure: Éxito. Simulación finalizada.
Time: 0 ps  Iteration: 0  Process: /state_machine_tb/line__80  File: D:/Universidad/Cuarto/SED/Practica3_SED/practica_3/practica_3.srcs/sim_1/new/state_machine_tb.vhd
$finish called at time : 0 fs : File "D:/Universidad/Cuarto/SED/Practica3_SED/practica_3/practica_3.srcs/sim_1/new/state_machine_tb.vhd" Line 82
INFO: [USF-XSim-96] XSim completed. Design snapshot 'state_machine_tb_behav' loaded.
INFO: [USF-XSim-97] XSim simulation ran for 1000ns
launch_simulation: Time (s): cpu = 00:00:04 ; elapsed = 00:00:08 . Memory (MB): peak = 830.336 ; gain = 0.000
close_sim
INFO: [Simtcl 6-16] Simulation closed
close_sim: Time (s): cpu = 00:00:02 ; elapsed = 00:00:11 . Memory (MB): peak = 830.336 ; gain = 0.000
exit
INFO: [Common 17-206] Exiting Vivado at Sun Dec  2 21:21:35 2018...
