#-----------------------------------------------------------
# Vivado v2018.2 (64-bit)
# SW Build 2258646 on Thu Jun 14 20:03:12 MDT 2018
# IP Build 2256618 on Thu Jun 14 22:10:49 MDT 2018
# Start of session at: Sat Dec  1 20:57:43 2018
# Process ID: 2004
# Current directory: C:/Users/Fran/Desktop/practica_3
# Command line: vivado.exe -gui_launcher_event rodinguilauncherevent15148 C:\Users\Fran\Desktop\practica_3\practica_3.xpr
# Log file: C:/Users/Fran/Desktop/practica_3/vivado.log
# Journal file: C:/Users/Fran/Desktop/practica_3\vivado.jou
#-----------------------------------------------------------
start_gui
open_project C:/Users/Fran/Desktop/practica_3/practica_3.xpr
Scanning sources...
Finished scanning sources
INFO: [IP_Flow 19-234] Refreshing IP repositories
INFO: [IP_Flow 19-1704] No user IP repositories specified
INFO: [IP_Flow 19-2313] Loaded Vivado IP repository 'D:/Xilinx/Vivado/2018.2/data/ip'.
open_project: Time (s): cpu = 00:00:09 ; elapsed = 00:00:06 . Memory (MB): peak = 877.383 ; gain = 134.914
update_compile_order -fileset sources_1
exit
INFO: [Common 17-206] Exiting Vivado at Sat Dec  1 21:00:39 2018...
