#-----------------------------------------------------------
# Vivado v2018.2 (64-bit)
# SW Build 2258646 on Thu Jun 14 20:03:12 MDT 2018
# IP Build 2256618 on Thu Jun 14 22:10:49 MDT 2018
# Start of session at: Fri Nov  9 12:51:02 2018
# Process ID: 65136
# Current directory: D:/Universidad/Cuarto/SED/Clase/Clase 24-10-2018
# Command line: vivado.exe -gui_launcher_event rodinguilauncherevent54384 D:\Universidad\Cuarto\SED\Clase\Clase 24-10-2018\Clase 24-10-2018.xpr
# Log file: D:/Universidad/Cuarto/SED/Clase/Clase 24-10-2018/vivado.log
# Journal file: D:/Universidad/Cuarto/SED/Clase/Clase 24-10-2018\vivado.jou
#-----------------------------------------------------------
start_gui
open_project {D:/Universidad/Cuarto/SED/Clase/Clase 24-10-2018/Clase 24-10-2018.xpr}
Scanning sources...
Finished scanning sources
INFO: [IP_Flow 19-234] Refreshing IP repositories
INFO: [IP_Flow 19-1704] No user IP repositories specified
INFO: [IP_Flow 19-2313] Loaded Vivado IP repository 'D:/Xilinx/Vivado/2018.2/data/ip'.
open_project: Time (s): cpu = 00:00:10 ; elapsed = 00:00:05 . Memory (MB): peak = 820.926 ; gain = 74.535
update_compile_order -fileset sources_1
exit
INFO: [Common 17-206] Exiting Vivado at Fri Nov  9 12:52:12 2018...
