#-----------------------------------------------------------
# Vivado v2018.2 (64-bit)
# SW Build 2258646 on Thu Jun 14 20:03:12 MDT 2018
# IP Build 2256618 on Thu Jun 14 22:10:49 MDT 2018
# Start of session at: Wed Jan  9 18:58:30 2019
# Process ID: 48388
# Current directory: D:/Universidad/Cuarto/SED/VHDL/Clase/Clase 24-10-2018
# Command line: vivado.exe -gui_launcher_event rodinguilauncherevent29368 D:\Universidad\Cuarto\SED\VHDL\Clase\Clase 24-10-2018\Clase 24-10-2018.xpr
# Log file: D:/Universidad/Cuarto/SED/VHDL/Clase/Clase 24-10-2018/vivado.log
# Journal file: D:/Universidad/Cuarto/SED/VHDL/Clase/Clase 24-10-2018\vivado.jou
#-----------------------------------------------------------
start_gui
open_project {D:/Universidad/Cuarto/SED/VHDL/Clase/Clase 24-10-2018/Clase 24-10-2018.xpr}
INFO: [Project 1-313] Project file moved from 'D:/Universidad/Cuarto/SED/Clase/Clase 24-10-2018' since last save.
Scanning sources...
Finished scanning sources
INFO: [IP_Flow 19-234] Refreshing IP repositories
INFO: [IP_Flow 19-1704] No user IP repositories specified
INFO: [IP_Flow 19-2313] Loaded Vivado IP repository 'D:/Xilinx/Vivado/2018.2/data/ip'.
open_project: Time (s): cpu = 00:00:15 ; elapsed = 00:00:13 . Memory (MB): peak = 764.098 ; gain = 82.371
update_compile_order -fileset sources_1
exit
INFO: [Common 17-206] Exiting Vivado at Wed Jan  9 19:30:39 2019...
