#-----------------------------------------------------------
# Vivado v2018.2 (64-bit)
# SW Build 2258646 on Thu Jun 14 20:03:12 MDT 2018
# IP Build 2256618 on Thu Jun 14 22:10:49 MDT 2018
# Start of session at: Sun Dec  2 17:55:22 2018
# Process ID: 319976
# Current directory: D:/Universidad/Cuarto/SED/Practica3_SED/practica_3 con divisor de frecuencia
# Command line: vivado.exe -gui_launcher_event rodinguilauncherevent317968 D:\Universidad\Cuarto\SED\Practica3_SED\practica_3 con divisor de frecuencia\practica_3.xpr
# Log file: D:/Universidad/Cuarto/SED/Practica3_SED/practica_3 con divisor de frecuencia/vivado.log
# Journal file: D:/Universidad/Cuarto/SED/Practica3_SED/practica_3 con divisor de frecuencia\vivado.jou
#-----------------------------------------------------------
start_gui
open_project {D:/Universidad/Cuarto/SED/Practica3_SED/practica_3 con divisor de frecuencia/practica_3.xpr}
INFO: [Project 1-313] Project file moved from 'C:/Users/Fran/Desktop/practica_3 con divisor de frecuencia' since last save.
Scanning sources...
Finished scanning sources
INFO: [IP_Flow 19-234] Refreshing IP repositories
INFO: [IP_Flow 19-1704] No user IP repositories specified
INFO: [IP_Flow 19-2313] Loaded Vivado IP repository 'D:/Xilinx/Vivado/2018.2/data/ip'.
open_project: Time (s): cpu = 00:00:20 ; elapsed = 00:00:17 . Memory (MB): peak = 751.598 ; gain = 66.641
update_compile_order -fileset sources_1
exit
INFO: [Common 17-206] Exiting Vivado at Sun Dec  2 21:21:17 2018...
